69
MapsLitev1
c1252 c1096 c1411 c949 c495 c1406 c373 c1069 c1067 c950 c223 c1450 c432 c825 c1029 c480 c329 c902 c356 c816 c1421 c413 c1403 
GroupsUltrav2
c537 c48 c803 c649 c1249 c530 c986 c1255 c330 c1237 c133 c58 c357 c751 c364 c1140 c183 c151 c422 c964 
ChromeOSMaxv2
c514 c942 c295 c1481 c1127 c952 c1138 c476 c878 c564 c841 c897 c264 c1418 c1422 c320 c207 c565 c1019 c50 c1468 c191 c1316 c998 c510 c465 c3 c439 c1186 c417 c781 c478 
ChromeUltrav3
c951 c1033 c1116 c99 c699 c1385 c1112 c1341 c697 c956 c665 c520 c893 c1073 c540 c971 c1325 c1206 c634 c536 c90 
ResearchLitev3
c278 c1264 c577 c1299 c53 c1472 c846 c730 c37 c851 c1113 c890 c57 c39 c1003 c1165 c1461 c565 c86 c964 c41 c257 c283 c1052 c662 c641 c692 c136 c550 c1492 c513 c1077 c1210 c700 c703 c1257 
CalendarProv8
c828 c1473 c907 c1489 c865 c486 c794 c1274 c1022 c957 c1191 c29 c1367 c648 c1256 c819 c782 c11 c248 c384 c764 
MarsProv2
c279 c744 c486 c939 c408 c1272 c698 c658 c682 c511 c1031 c922 c1478 c615 c1112 c1285 c134 c444 c325 c579 c1441 c1271 c13 c1081 c331 c120 c1055 c183 c1196 c265 c1265 c1283 c388 c829 
AndroidLitev9
c680 c300 c1046 c605 c184 c165 c671 c404 c831 c275 c378 c1348 c1173 c255 c1234 c311 c785 c454 c293 c357 c819 c525 c1086 c386 c422 c78 c1303 
GlassOSZv7
c847 c817 c459 c85 c1341 c1005 c292 c306 c6 c1023 c975 c819 c624 c225 c625 c923 c715 c176 c101 c1296 c1205 c1078 c422 c632 c148 c602 c1366 c488 c571 c1400 
SlidesMaxv8
c423 c379 c1100 c782 c1326 c1224 c270 c410 c1370 c304 c681 c202 c1488 c1339 c1094 c883 c273 c414 c1009 c770 c398 c1289 c1365 c881 c1103 c837 c779 c1163 c1371 c166 c879 c658 c584 c947 c812 c742 c1130 c1098 c393 c1254 c672 c978 c171 
DreamUltrav9
c55 c1285 c31 c1431 c577 c267 c999 c87 c488 c230 c915 c1156 c462 c1161 c162 c156 c932 c1301 c1207 c1104 
DriveNextv5
c1164 c1417 c912 c1159 c1346 c768 c614 c1075 c1236 c348 c1440 c1276 c130 c1076 c1394 c799 c1153 c885 c65 c1169 c604 c425 c766 c1154 c460 c1050 c877 c1371 c650 c1444 c14 c228 c1015 c1157 
CalendarMaxv7
c549 c110 c59 c1284 c94 c539 c64 c434 c56 c6 c378 c259 c123 c1275 c85 c72 c310 c654 c90 c578 c898 c877 c1182 c548 c1423 c1387 c186 
TravelProv9
c643 c1131 c14 c658 c560 c989 c757 c1401 c401 c1230 c32 c678 c470 c1352 c762 c765 c224 c1080 c379 c814 
SitesXv7
c623 c527 c271 c205 c959 c793 c481 c405 c642 c734 c149 c853 c64 c1006 c196 c701 c595 c434 c1090 c1419 c374 c1251 c1392 c153 
SecureLitev1
c723 c1001 c167 c1015 c1211 c1135 c1138 c1364 c1172 c704 c16 c70 c485 c36 c604 c308 c917 c88 c1037 c246 
PatentsProv3
c738 c1232 c1126 c1123 c589 c1223 c784 c359 c1092 c533 c849 c26 c28 c553 c1383 c990 c1467 c411 c1216 c501 c164 c740 c671 c1340 c118 c1018 c304 c1048 c548 c66 c1049 c379 c377 c154 c1374 c1089 c27 c47 
LearnProv6
c1440 c591 c446 c1143 c146 c733 c132 c390 c543 c857 c355 c266 c1372 c777 c1144 c658 c1134 c919 c1057 c68 c407 c780 c1374 c1213 c472 c11 c1188 c300 c679 c395 c854 c817 c1007 c1114 c37 c424 c1162 c991 c457 c1245 c544 c491 c1398 c335 c1381 c1202 c323 c1136 c1081 c315 
TranslateProv2
c1391 c140 c1243 c973 c1392 c982 c832 c1093 c228 c1355 c777 c500 c1108 c852 c1348 c85 c928 c908 c271 c153 c689 c727 c343 c1089 c487 c1040 c291 c655 c455 c645 c1494 c249 c705 c909 c1159 c833 c1413 c983 c231 
ClassroomProv4
c973 c204 c991 c633 c33 c875 c393 c1028 c1202 c669 c1341 c626 c1233 c974 c291 c506 c365 c1407 c6 c931 c650 c326 c1454 c826 c233 c737 c954 c100 c303 c857 c175 c777 c180 c1445 c435 c1395 c1414 c442 c1187 
FormsNextv5
c455 c1392 c123 c1149 c1290 c1340 c603 c211 c1074 c334 c759 c1487 c1099 c365 c871 c291 c588 c112 c67 c9 c245 c507 c733 c1080 c1032 c1146 c1072 c1075 c182 c1093 c60 c345 c1292 c769 c647 c1383 c543 c1412 c171 c1322 c1445 c487 c327 c1179 c1343 c989 c983 c650 c929 c845 c1416 c581 c1079 c504 c339 
ChromeLitev7
c712 c818 c285 c1008 c1065 c733 c204 c1138 c656 c1260 c599 c591 c1324 c475 c773 c52 c1429 c105 c1377 c129 c1354 c1318 c822 c1177 c953 c1192 c193 c543 c1000 c693 c1345 c574 c137 c823 c60 c291 c231 c716 c945 c457 c863 c961 c95 c856 c274 c1315 c1490 c1487 c1089 c921 c111 c764 c1414 c159 c892 
VoiceNextv7
c1241 c74 c1288 c967 c1129 c261 c98 c1064 c1360 c76 c498 c1195 c464 c1048 c526 c1374 c724 c656 c1415 c276 c1179 c1154 c1310 c196 c289 c1369 c556 c1368 c1192 c581 c143 c300 c409 c35 
CastOSSv8
c659 c946 c180 c1282 c35 c843 c1315 c1002 c517 c199 c347 c187 c436 c1222 c877 c116 c1392 c322 c1175 c591 
BooksXv3
c1456 c1176 c1412 c139 c693 c478 c1356 c1310 c960 c947 c1373 c983 c147 c1452 c1056 c985 c1269 c368 c1363 c337 
PhotoLitev1
c276 c1440 c152 c833 c1268 c305 c234 c725 c783 c815 c824 c1070 c487 c875 c750 c60 c1138 c821 c745 c650 c159 
LoggingProv9
c968 c899 c1397 c1451 c1014 c783 c92 c801 c1357 c1119 c261 c1184 c121 c733 c863 c123 c877 c1159 c464 c1218 c204 c427 c463 c346 c1282 c1212 c452 c1354 c1160 c365 c795 c468 c656 c371 c982 c484 c271 c590 c1243 c973 c993 c1170 c241 c367 c1304 c483 
PhotoZv5
c469 c93 c271 c844 c18 c1390 c979 c1282 c350 c1225 c1064 c516 c663 c561 c833 c1109 c982 c319 c1185 c733 c1227 c1408 c1004 c324 c1381 c809 c487 c1204 c1337 c474 
LoggingUltrav9
c1337 c332 c340 c1035 c606 c479 c188 c783 c1138 c1268 c350 c1166 c581 c51 c0 c561 c652 c416 c1409 c1247 
FinanceProv4
c1032 c324 c142 c457 c108 c1266 c1068 c497 c215 c1259 c452 c239 c820 c928 c904 c203 c60 c394 c1298 c1214 c945 c807 
PhotoNextv6
c201 c546 c1139 c1147 c268 c518 c108 c640 c204 c1405 c924 c1375 c466 c1451 c1154 c729 c1184 c813 c104 c1132 c1146 
WearOSProv5
c886 c943 c1133 c1378 c242 c640 c610 c361 c1354 c370 c561 c722 c994 c1351 c747 c367 c776 c358 c1337 c518 c813 c800 c252 
PhotoProv2
c1118 c1361 c204 c748 c163 c5 c998 c568 c1376 c631 c229 c686 c77 c63 c995 c258 c558 c108 c1274 c231 c427 c755 c396 c1410 c158 c590 c820 c1443 c727 
FinanceMaxv3
c1054 c838 c262 c216 c1382 c341 c115 c1217 c538 c583 c713 c982 c7 c63 c574 c1440 c628 c936 c1041 c554 c763 c675 
TranslateXv6
c181 c269 c557 c1047 c129 c1246 c729 c141 c987 c107 c1183 c321 c758 c617 c598 c1051 c1043 c639 c309 c676 
FormsProv2
c775 c173 c131 c943 c1328 c926 c925 c143 c656 c518 c686 c240 c1449 c441 c428 c187 c1335 c60 c567 c834 c741 c1302 
GameZv2
c1133 c743 c612 c155 c1337 c820 c174 c111 c1321 c723 c449 c696 c1353 c103 c733 c209 c636 c661 c637 c1240 c243 c509 c127 c312 c197 c1095 
VideoProv1
c253 c1388 c152 c204 c247 c546 c1463 c1305 c282 c884 c916 c1 c1496 c886 c813 c219 c1026 c590 c1139 c1298 c1030 c518 c628 c1109 c702 c797 c416 c984 c578 c760 
FormsNextv1
c1147 c546 c123 c339 c161 c204 c1121 c1260 c789 c206 c336 c338 c532 c1171 c233 c1243 c855 c736 c761 c415 c144 c806 
ChromecastSv2
c887 c206 c189 c242 c945 c622 c170 c145 c1298 c156 c1314 c1238 c739 c450 c747 c294 c673 c155 c882 c850 c1025 c220 c218 c483 c477 c1471 c687 c416 c788 c768 c717 c307 c1369 c1280 c161 c339 c546 c232 c247 c234 c1016 c798 c482 c34 c1443 c233 c802 c1168 c1498 c1253 c221 
DuoZv7
c1248 c1357 c451 c1045 c353 c1471 c559 c208 c868 c1465 c299 c851 c1263 c677 c232 c1203 c1315 c1168 c449 c1342 c217 c268 c23 c1214 c1298 c389 c284 c83 c767 c497 c334 
ScholarXv7
c502 c91 c512 c1039 c995 c768 c714 c1215 c576 c198 c1460 c97 c426 c189 c519 c302 c910 c901 c349 c254 c1197 c385 c875 c369 c1267 c226 c1208 c214 c484 c1091 c247 c739 
GmailZv1
c843 c660 c406 c974 c561 c477 c1097 c62 c1038 c664 c1168 c1278 c299 c208 c608 c1364 c1174 c23 c1262 c1203 c761 c767 
SearchNextv4
c1438 c232 c860 c572 c299 c387 c0 c389 c1020 c1496 c853 c1353 c1287 c1174 c1330 c653 c551 c666 c899 c1013 c1203 c796 c1493 c827 c518 c1317 c16 
CastOSXv2
c1083 c945 c402 c1250 c1045 c448 c1495 c334 c967 c314 c1462 c747 c397 c1332 c473 c719 c239 c627 c521 c161 c252 c1449 
ScholarZv1
c835 c453 c1309 c420 c1291 c1042 c409 c1323 c980 c362 c492 c419 c1150 c1435 c12 c1105 c1071 c220 c19 c239 c778 c1200 c1011 c1374 c1298 c125 
SantaTrackerSv6
c328 c594 c858 c1399 c767 c563 c102 c477 c496 c1128 c284 c962 c1020 c1338 c573 c1141 c706 c804 c933 c1277 c1193 c580 c1404 c1402 c1459 c798 c261 c392 c1085 c836 c559 
ChromecastZv5
c1219 c352 c977 c670 c1180 c1349 c1229 c1389 c1058 c287 c1386 c233 c882 c200 c534 c235 c1190 c333 c1479 c1379 c1334 c508 c869 c338 c747 c1470 c62 c940 c976 c607 c428 c815 c860 c75 c61 c920 c1471 c34 c683 c754 c575 
NewsZv2
c1027 c842 c103 c1058 c1486 c789 c233 c239 c840 c570 c1311 c912 c1479 c93 c1428 c391 c505 c627 c635 c1420 c541 c1499 c178 c19 c1329 c630 c709 c144 c281 c1459 c1010 c1231 
GameSv2
c1162 c403 c597 c88 c24 c360 c761 c222 c1137 c977 c174 c1496 c1449 c1102 c45 c585 c350 c1295 c1229 c445 c1357 c493 c646 c728 c920 c442 c152 c22 c1149 c1309 c450 c996 c406 c188 
DriveMaxv5
c541 c1469 c399 c1229 c969 c40 c124 c1386 c73 c30 c815 c1101 c1327 c351 c263 c1107 c861 c1313 c659 c963 c1446 c754 c535 c25 
SkyUltrav9
c489 c585 c966 c1142 c638 c4 c685 c71 c899 c1384 c1329 c1425 c179 c421 c859 c318 c600 c237 c1261 c561 c1420 c260 
ShoppingUltrav8
c471 c1199 c1261 c122 c169 c1295 c619 c352 c185 c914 c1320 c272 c522 c523 c900 c150 c1053 c1475 c426 c835 c82 c1115 c963 c406 c360 c25 
FinanceLitev1
c1455 c1083 c493 c695 c135 c1386 c903 c406 c30 c561 c298 c301 c1307 c160 c874 c352 c1209 c523 c1415 c651 c861 c690 c1364 c1273 c1199 c1312 c1447 c1110 c870 c109 c1332 c263 c418 c150 
BloggerLitev6
c636 c135 c1102 c1437 c1300 c651 c40 c918 c889 c497 c296 c1279 c1362 c1317 c12 c375 c541 c21 c1261 c38 c316 c508 c958 c1107 c260 c188 
AlertsZv3
c123 c1059 c1379 c317 c263 c756 c900 c747 c880 c667 c569 c905 c1194 c1291 c522 c1198 c1012 c443 c43 c1226 c445 c761 
AndroidSv7
c352 c290 c195 c277 c787 c333 c667 c360 c222 c235 c587 c593 c992 c1426 c866 c796 c1066 c1446 c342 c1240 c81 c876 c117 c761 c691 
CurrentsLitev2
c1334 c122 c721 c977 c433 c418 c906 c351 c888 c1194 c71 c366 c786 c1258 c523 c1120 c522 c659 c927 c1386 c30 c597 c20 c1336 c471 c376 c1393 c1307 c930 c895 c43 c45 c866 c1217 c861 c263 
DatasetSearchNextv3
c977 c397 c1162 c1333 c372 c743 c613 c30 c515 c1463 c1331 c888 c927 c1107 c528 c1198 c659 c542 c62 c1358 c1012 c702 c2 c638 c866 c688 c953 c71 c545 c1117 c1122 c746 c1480 c412 c22 
ReleaseMaxv8
c1024 c596 c381 c1447 c1430 c471 c670 c1334 c1455 c1286 c73 c864 c1010 c1380 c1120 c1453 c54 c935 c918 c1297 c810 c1137 c912 c1307 c1491 c397 
DaydreamUltrav1
c1062 c1319 c1378 c1110 c1332 c867 c523 c42 c447 c1137 c126 c545 c30 c1273 c860 c1107 c522 c621 c1209 c1125 c1162 c1258 c1333 c351 c344 c920 c391 c194 c499 c906 c437 c1336 c82 c861 c955 c244 c1499 c749 c1060 c1305 c746 c1484 c596 c1084 c895 
MapsXv8
c1312 c876 c1491 c24 c1110 c552 c1258 c976 c895 c1332 c190 c702 c1442 c1221 c251 c944 c1281 c81 c109 c930 c244 c861 c731 c867 c1220 c302 c988 
YouTubeXv1
c1209 c1195 c1477 c430 c499 c1344 c302 c119 c867 c545 c150 c1273 c695 c1499 c453 c1198 c352 c79 c46 c955 c443 c839 c1062 c412 c965 c504 c30 c988 c160 c213 c1379 c717 c138 c805 c912 c38 c421 c429 c895 c621 
PhoneProv7
c38 c620 c1379 c1453 c119 c810 c941 c1021 c30 c861 c732 c1359 c772 c609 c403 c138 c895 c1061 c944 c717 c1105 c1060 c997 c430 c1087 c251 c969 c346 
NewsXv4
c277 c1448 c709 c969 c1485 c754 c280 c896 c1305 c772 c49 c403 c109 c1482 c862 c1110 c906 c894 c786 c774 c382 c30 c522 c1379 c287 c708 c213 c1062 c1465 c1181 c160 c1198 c545 c168 c288 c1060 c1439 c611 c38 c695 
SitesProv2
c1482 c1465 c363 c629 c523 c96 c791 c874 c251 c747 c227 c850 c914 c1036 c109 c1317 c918 c930 c1333 c830 c566 c1434 c988 c272 c150 c1063 c515 c1309 c531 c69 c621 
DuoMaxv4
c421 c1305 c89 c412 c1189 c1105 c752 c787 c601 c756 c113 c1359 c707 c453 c918 c42 c515 c81 c172 c1181 c830 c380 c862 c1499 c1465 c1433 c867 c272 c397 c1110 c1480 c403 c1476 c114 c944 c850 c1482 c71 c106 c1088 
CultureLitev7
c582 c747 c1347 c79 c1220 c30 c1124 c771 c400 c1060 c1344 c790 c955 c1185 c190 c609 c250 c997 c731 c113 c81 c906 c1155 c272 c1476 c1427 c288 
SitesUltrav3
c1235 c756 c621 c1483 c277 c397 c524 c160 c503 c752 c616 c421 c1309 c938 c906 c1021 c1111 c20 c969 c1084 c1181 c749 c400 c754 c531 c80 c1480 c1317 c403 c1491 c1261 c1151 c1142 c109 c213 c1439 c611 c1447 c1060 c810 c955 c461 c944 c113 c695 c467 c82 
