38
p24263
c770 c372 c221 c959 c568 c937 c189 c640 c605 c53 c301 c432 c95 c45 c193 c662 c866 c998 c970 c764 
p6335
c706 c595 c935 c980 c968 c414 c485 c795 c244 c270 c741 c718 c505 c562 c620 c630 c319 c232 c993 c96 c470 c259 c902 
p20913
c235 c480 c208 c442 c769 c547 c378 c91 c214 c744 c281 c633 c411 c302 c548 c373 c68 c247 c762 c785 c677 c2 c871 c389 
p4906
c667 c979 c773 c141 c256 c368 c538 c758 c415 c318 c815 c735 c649 c8 c400 c534 c775 c306 c623 c641 c889 c671 c82 c672 c254 c399 c684 c92 c186 c49 c989 c127 c852 c972 c651 c329 c431 
p2488
c471 c51 c850 c967 c207 c122 c983 c714 c922 c365 c711 c952 c487 c248 c165 c52 c666 c845 c139 c836 c707 c858 c490 c460 c720 c260 c251 c679 c190 c618 c708 c732 c900 c424 
p8993
c321 c926 c308 c774 c25 c81 c234 c919 c973 c217 c515 c450 c746 c553 c965 c135 c483 c642 c196 c80 c420 c527 c992 c475 c779 c125 c72 c985 c690 c258 c364 c772 c423 c788 c821 
p9896
c43 c337 c370 c197 c71 c444 c385 c461 c391 c126 c590 c610 c185 
p12032
c12 c56 c805 c586 c627 c194 c801 c184 c3 c225 c479 
p3037
c832 c285 c395 c631 c523 c93 c927 c760 c884 c598 c964 c371 c87 c830 c777 c60 c394 c978 c357 c535 c797 c863 c110 c246 c914 c749 c456 c552 c915 c154 c766 c565 c78 c114 c497 c676 c839 c550 c175 c680 
p5031
c97 c111 c188 c611 c405 c940 c682 c829 c683 c705 c255 c810 c783 c592 c647 c530 c498 c422 c194 c991 c452 c164 c83 c881 c265 c222 c342 c501 c137 c454 c459 c47 c74 c704 c560 c794 
p21170
c219 c440 c844 c681 c506 c864 c268 c754 c575 c433 c897 c509 c177 c172 c525 c870 c397 c856 c581 c419 c924 c600 c868 c183 c380 c736 c738 c969 c107 c920 c99 
p8119
c731 c787 c522 c446 c316 c986 c645 c583 c796 c401 c417 c931 c891 c619 c62 c814 c913 c695 c721 c181 c899 c878 c70 c570 c443 c519 
p19937
c344 c284 c629 c314 c621 c602 c382 c30 c728 c430 c941 c540 c171 c350 c273 c472 c236 c697 c113 c174 
p3244
c317 c756 c473 c786 c21 c330 c31 c569 c215 c46 c418 c182 c869 c482 c753 c579 c343 c11 c441 c789 c408 c253 c848 c563 c468 c950 c361 c292 c957 c536 c865 c849 c974 c554 c585 c328 
p5273
c413 c517 c4 c628 c279 c115 c151 c861 c465 c962 c76 c609 c226 c384 c800 c374 c615 c106 c392 c366 c17 c341 c206 c101 c109 c939 c668 c778 c606 c502 c293 c837 c359 c658 c353 
p1469
c886 c639 c233 c674 c146 c580 c250 c709 c20 c421 c576 c50 c673 
p15116
c748 c739 c936 c406 c34 c379 c282 c872 c176 c956 c28 c827 c675 c981 c544 c930 c999 c269 c984 c905 c131 c469 c79 c129 c94 c664 c742 c335 c288 
p22629
c657 c156 c464 c323 c955 c561 c492 c360 c843 c369 c138 c375 c133 c584 c948 c477 c495 c737 c57 c702 c336 c807 c898 c191 c42 c304 c918 c723 c305 c362 c539 c290 
p14514
c698 c928 c283 c604 c526 c169 c474 c776 c846 c646 c793 c521 c162 c798 c740 c954 c947 c559 c813 c826 c632 c333 c143 c157 c140 c958 c867 c358 c607 c567 c26 c313 c877 c481 c634 
p16604
c571 c838 c734 c263 c243 c134 c500 c740 c166 c297 c449 c86 c272 c345 c223 c287 
p11487
c84 c310 c710 c6 c0 c635 c231 c816 c466 c982 c327 c799 c722 c155 c907 c445 c435 c356 c626 c755 c463 
p21171
c916 c160 c307 c272 c782 c499 c22 c264 c637 c291 c961 c693 c313 c616 c276 c412 c390 c853 c733 c64 c713 c257 c587 c949 c946 c923 c320 c298 c904 c85 c153 c299 c229 c363 c977 c894 c312 c842 c245 c203 
p16639
c625 c63 c211 c806 c200 c88 c689 c429 c588 c348 c338 c322 
p11698
c398 c513 c727 c230 c142 c311 c608 c945 c997 c874 c352 c943 c528 c349 c116 c551 c730 c455 c277 c65 c13 c819 c173 c402 c825 c809 c315 c937 c901 c209 
p17699
c743 c5 c89 c840 c496 c237 c911 c18 c751 c121 c334 c614 c67 c612 c220 c242 c261 c694 c990 c212 c542 c636 c428 c541 c817 c822 c597 c447 c19 c271 c396 c434 c564 c524 
p15447
c126 c765 c458 c296 c303 c953 c582 c780 c701 c163 c532 c104 
p18737
c404 c512 c90 c489 c895 c274 c652 c663 c347 c834 c105 c888 c833 c831 c759 c934 
p4820
c118 c54 c387 c890 c960 c574 c376 c594 c128 c841 c289 c108 c670 c622 c178 c601 c763 c218 c27 c847 c880 c448 c504 c7 c566 c325 c885 c295 c503 c112 c549 c158 
p14050
c147 c537 c145 c638 c784 c812 c438 c700 c724 c494 c35 c491 c781 c835 c876 c896 c14 c752 c912 c161 c883 c426 c678 
p21200
c792 c942 c354 c407 c367 c409 c300 c932 c49 c266 c16 c179 c771 c309 c23 c69 c648 c938 c516 c210 c644 c439 c503 c507 c383 c716 
p10489
c910 c271 c921 c750 c643 c873 c855 c332 c545 c617 c484 c73 c533 c167 c699 c10 c204 c729 c100 c267 c36 c966 c37 c192 c820 c917 c768 c331 c660 c975 c656 c804 c577 c994 c719 c659 c596 c661 c44 
p16282
c66 c427 c102 c159 c227 c103 c339 c703 c599 c41 c152 c687 c495 c239 c98 c340 c216 c425 c187 c1 c655 c61 c486 c377 c811 c88 c650 c518 c33 c976 c48 
p12594
c249 c9 c860 c857 c180 c613 c305 c520 c195 c437 c725 c346 c859 c624 c462 c823 c555 c240 c557 c929 c23 c75 c802 c995 c543 c767 c488 c168 c903 c747 c593 c40 
p2943
c393 c119 c39 c688 c603 c467 c717 c410 c780 c696 c508 c132 c170 c757 c712 c745 c818 c851 c77 c951 
p3687
c944 c403 c510 c514 c892 c476 c286 c591 c909 c862 c148 c150 c665 c887 c278 c55 c493 c238 c572 c669 c351 c123 c882 c573 c451 c198 c32 c457 c558 c199 c996 c955 c29 c398 
p4187
c790 c262 c875 c294 c653 c386 c355 c987 c241 c416 c252 c213 c388 c925 c691 c803 c654 c228 c59 c546 c436 c453 c791 c963 c531 c879 c685 c933 c202 c529 c893 c144 c971 c275 
p9066
c686 c169 c381 c326 c715 c38 c136 c906 c556 c24 c201 c161 c224 c955 c120 c58 c511 c578 c854 c685 c726 c117 c808 c124 c692 c589 c15 c149 c908 
p12148
c988 c478 c828 c280 c903 c205 c824 c324 c149 c761 
